2020-08-25 20:21:31.087  INFO 18260 --- [restartedMain] b.c.f.s.salesapi.SalesApiApplication     : Starting SalesApiApplication on LAPTOP-DL9ICLI6 with PID 18260 (C:\Users\felip\OneDrive\Área de Trabalho\sales-api\sales-api\sales-api\target\classes started by felip in C:\Users\felip\OneDrive\Área de Trabalho\sales-api\sales-api\sales-api)
2020-08-25 20:21:31.112  INFO 18260 --- [restartedMain] b.c.f.s.salesapi.SalesApiApplication     : No active profile set, falling back to default profiles: default
2020-08-25 20:21:31.316  INFO 18260 --- [restartedMain] .e.DevToolsPropertyDefaultsPostProcessor : Devtools property defaults active! Set 'spring.devtools.add-properties' to 'false' to disable
2020-08-25 20:21:31.317  INFO 18260 --- [restartedMain] .e.DevToolsPropertyDefaultsPostProcessor : For additional web related logging consider setting the 'logging.level.web' property to 'DEBUG'
2020-08-25 20:21:34.248  INFO 18260 --- [restartedMain] .s.d.r.c.RepositoryConfigurationDelegate : Bootstrapping Spring Data JPA repositories in DEFERRED mode.
2020-08-25 20:21:34.458  INFO 18260 --- [restartedMain] .s.d.r.c.RepositoryConfigurationDelegate : Finished Spring Data repository scanning in 177ms. Found 1 JPA repository interfaces.
2020-08-25 20:21:36.690  INFO 18260 --- [restartedMain] o.s.b.w.embedded.tomcat.TomcatWebServer  : Tomcat initialized with port(s): 8080 (http)
2020-08-25 20:21:36.717  INFO 18260 --- [restartedMain] o.apache.catalina.core.StandardService   : Starting service [Tomcat]
2020-08-25 20:21:36.718  INFO 18260 --- [restartedMain] org.apache.catalina.core.StandardEngine  : Starting Servlet engine: [Apache Tomcat/9.0.37]
2020-08-25 20:21:37.020  INFO 18260 --- [restartedMain] o.a.c.c.C.[Tomcat].[localhost].[/]       : Initializing Spring embedded WebApplicationContext
2020-08-25 20:21:37.020  INFO 18260 --- [restartedMain] w.s.c.ServletWebServerApplicationContext : Root WebApplicationContext: initialization completed in 5690 ms
2020-08-25 20:21:37.300  INFO 18260 --- [restartedMain] com.zaxxer.hikari.HikariDataSource       : HikariPool-1 - Starting...
2020-08-25 20:21:37.863  INFO 18260 --- [restartedMain] com.zaxxer.hikari.HikariDataSource       : HikariPool-1 - Start completed.
2020-08-25 20:21:37.875  INFO 18260 --- [restartedMain] o.s.b.a.h2.H2ConsoleAutoConfiguration    : H2 console available at '/h2-console'. Database available at 'jdbc:h2:mem:789d678a-fde0-4018-9dad-c621c51a98be'
2020-08-25 20:21:38.042  INFO 18260 --- [restartedMain] o.s.b.a.e.web.ServletEndpointRegistrar   : Registered '/actuator/jolokia' to jolokia-actuator-endpoint
2020-08-25 20:21:38.244  INFO 18260 --- [restartedMain] o.s.s.concurrent.ThreadPoolTaskExecutor  : Initializing ExecutorService 'applicationTaskExecutor'
2020-08-25 20:21:38.403  INFO 18260 --- [task-1] o.hibernate.jpa.internal.util.LogHelper  : HHH000204: Processing PersistenceUnitInfo [name: default]
2020-08-25 20:21:38.637  INFO 18260 --- [task-1] org.hibernate.Version                    : HHH000412: Hibernate ORM core version 5.4.20.Final
2020-08-25 20:21:39.167  WARN 18260 --- [restartedMain] JpaBaseConfiguration$JpaWebConfiguration : spring.jpa.open-in-view is enabled by default. Therefore, database queries may be performed during view rendering. Explicitly configure spring.jpa.open-in-view to disable this warning
2020-08-25 20:21:39.307  INFO 18260 --- [task-1] o.hibernate.annotations.common.Version   : HCANN000001: Hibernate Commons Annotations {5.1.0.Final}
2020-08-25 20:21:39.834  INFO 18260 --- [task-1] org.hibernate.dialect.Dialect            : HHH000400: Using dialect: org.hibernate.dialect.H2Dialect
2020-08-25 20:21:39.839  INFO 18260 --- [restartedMain] o.s.b.a.e.web.EndpointLinksResolver      : Exposing 15 endpoint(s) beneath base path '/actuator'
2020-08-25 20:21:40.324  INFO 18260 --- [restartedMain] o.s.b.d.a.OptionalLiveReloadServer       : LiveReload server is running on port 35729
2020-08-25 20:21:40.629  INFO 18260 --- [restartedMain] o.s.s.c.ThreadPoolTaskScheduler          : Initializing ExecutorService
2020-08-25 20:21:42.146  INFO 18260 --- [task-1] o.h.e.t.j.p.i.JtaPlatformInitiator       : HHH000490: Using JtaPlatform implementation: [org.hibernate.engine.transaction.jta.platform.internal.NoJtaPlatform]
2020-08-25 20:21:42.166  INFO 18260 --- [task-1] j.LocalContainerEntityManagerFactoryBean : Initialized JPA EntityManagerFactory for persistence unit 'default'
2020-08-25 20:21:42.391  INFO 18260 --- [restartedMain] o.s.b.w.embedded.tomcat.TomcatWebServer  : Tomcat started on port(s): 8080 (http) with context path ''
2020-08-25 20:21:42.394  INFO 18260 --- [restartedMain] d.s.w.p.DocumentationPluginsBootstrapper : Context refreshed
2020-08-25 20:21:42.647  INFO 18260 --- [restartedMain] d.s.w.p.DocumentationPluginsBootstrapper : Found 1 custom documentation plugin(s)
2020-08-25 20:21:42.677  INFO 18260 --- [restartedMain] s.d.s.w.s.ApiListingReferenceScanner     : Scanning for api listing references
2020-08-25 20:21:42.706  INFO 18260 --- [restartedMain] DeferredRepositoryInitializationListener : Triggering deferred initialization of Spring Data repositories…
2020-08-25 20:21:43.464  INFO 18260 --- [restartedMain] DeferredRepositoryInitializationListener : Spring Data repositories initialized!
2020-08-25 20:21:43.487  INFO 18260 --- [restartedMain] b.c.f.s.salesapi.SalesApiApplication     : Started SalesApiApplication in 13.378 seconds (JVM running for 15.008)
2020-08-25 20:21:44.425  INFO 18260 --- [registrationTask1] d.c.b.a.c.r.ApplicationRegistrator       : Application registered itself as 61773027e6a1
2020-08-25 20:21:44.565  INFO 18260 --- [http-nio-8080-exec-2] o.a.c.c.C.[Tomcat].[localhost].[/]       : Initializing Spring DispatcherServlet 'dispatcherServlet'
2020-08-25 20:21:44.566  INFO 18260 --- [http-nio-8080-exec-2] o.s.web.servlet.DispatcherServlet        : Initializing Servlet 'dispatcherServlet'
2020-08-25 20:21:44.578  INFO 18260 --- [http-nio-8080-exec-2] o.s.web.servlet.DispatcherServlet        : Completed initialization in 11 ms
