2020-08-25 20:31:11.345  INFO 4360 --- [restartedMain] b.c.f.s.salesapi.SalesApiApplication     : Starting SalesApiApplication on LAPTOP-DL9ICLI6 with PID 4360 (C:\Users\felip\OneDrive\Área de Trabalho\sales-api\sales-api\sales-api\target\classes started by felip in C:\Users\felip\OneDrive\Área de Trabalho\sales-api\sales-api\sales-api)
2020-08-25 20:31:11.356  INFO 4360 --- [restartedMain] b.c.f.s.salesapi.SalesApiApplication     : No active profile set, falling back to default profiles: default
2020-08-25 20:31:11.524  INFO 4360 --- [restartedMain] .e.DevToolsPropertyDefaultsPostProcessor : Devtools property defaults active! Set 'spring.devtools.add-properties' to 'false' to disable
2020-08-25 20:31:11.525  INFO 4360 --- [restartedMain] .e.DevToolsPropertyDefaultsPostProcessor : For additional web related logging consider setting the 'logging.level.web' property to 'DEBUG'
2020-08-25 20:31:14.141  INFO 4360 --- [restartedMain] .s.d.r.c.RepositoryConfigurationDelegate : Bootstrapping Spring Data JPA repositories in DEFERRED mode.
2020-08-25 20:31:14.283  INFO 4360 --- [restartedMain] .s.d.r.c.RepositoryConfigurationDelegate : Finished Spring Data repository scanning in 124ms. Found 1 JPA repository interfaces.
2020-08-25 20:31:16.242  INFO 4360 --- [restartedMain] o.s.b.w.embedded.tomcat.TomcatWebServer  : Tomcat initialized with port(s): 8080 (http)
2020-08-25 20:31:16.340  INFO 4360 --- [restartedMain] o.apache.catalina.core.StandardService   : Starting service [Tomcat]
2020-08-25 20:31:16.341  INFO 4360 --- [restartedMain] org.apache.catalina.core.StandardEngine  : Starting Servlet engine: [Apache Tomcat/9.0.37]
2020-08-25 20:31:16.729  INFO 4360 --- [restartedMain] o.a.c.c.C.[Tomcat].[localhost].[/]       : Initializing Spring embedded WebApplicationContext
2020-08-25 20:31:16.730  INFO 4360 --- [restartedMain] w.s.c.ServletWebServerApplicationContext : Root WebApplicationContext: initialization completed in 5191 ms
2020-08-25 20:31:17.026  INFO 4360 --- [restartedMain] com.zaxxer.hikari.HikariDataSource       : HikariPool-1 - Starting...
2020-08-25 20:31:17.550  INFO 4360 --- [restartedMain] com.zaxxer.hikari.HikariDataSource       : HikariPool-1 - Start completed.
2020-08-25 20:31:17.565  INFO 4360 --- [restartedMain] o.s.b.a.h2.H2ConsoleAutoConfiguration    : H2 console available at '/h2-console'. Database available at 'jdbc:h2:mem:25889656-bdbe-450a-a47c-86f805a32f4a'
2020-08-25 20:31:17.752  INFO 4360 --- [restartedMain] o.s.b.a.e.web.ServletEndpointRegistrar   : Registered '/actuator/jolokia' to jolokia-actuator-endpoint
2020-08-25 20:31:17.971  INFO 4360 --- [restartedMain] o.s.s.concurrent.ThreadPoolTaskExecutor  : Initializing ExecutorService 'applicationTaskExecutor'
2020-08-25 20:31:18.132  INFO 4360 --- [task-1] o.hibernate.jpa.internal.util.LogHelper  : HHH000204: Processing PersistenceUnitInfo [name: default]
2020-08-25 20:31:18.301  INFO 4360 --- [task-1] org.hibernate.Version                    : HHH000412: Hibernate ORM core version 5.4.20.Final
2020-08-25 20:31:18.730  INFO 4360 --- [task-1] o.hibernate.annotations.common.Version   : HCANN000001: Hibernate Commons Annotations {5.1.0.Final}
2020-08-25 20:31:18.765  WARN 4360 --- [restartedMain] JpaBaseConfiguration$JpaWebConfiguration : spring.jpa.open-in-view is enabled by default. Therefore, database queries may be performed during view rendering. Explicitly configure spring.jpa.open-in-view to disable this warning
2020-08-25 20:31:19.141  INFO 4360 --- [task-1] org.hibernate.dialect.Dialect            : HHH000400: Using dialect: org.hibernate.dialect.H2Dialect
2020-08-25 20:31:19.365  INFO 4360 --- [restartedMain] o.s.b.a.e.web.EndpointLinksResolver      : Exposing 15 endpoint(s) beneath base path '/actuator'
2020-08-25 20:31:19.755  INFO 4360 --- [restartedMain] o.s.b.d.a.OptionalLiveReloadServer       : LiveReload server is running on port 35729
2020-08-25 20:31:20.021  INFO 4360 --- [restartedMain] o.s.s.c.ThreadPoolTaskScheduler          : Initializing ExecutorService
2020-08-25 20:31:21.122  INFO 4360 --- [task-1] o.h.e.t.j.p.i.JtaPlatformInitiator       : HHH000490: Using JtaPlatform implementation: [org.hibernate.engine.transaction.jta.platform.internal.NoJtaPlatform]
2020-08-25 20:31:21.144  INFO 4360 --- [task-1] j.LocalContainerEntityManagerFactoryBean : Initialized JPA EntityManagerFactory for persistence unit 'default'
2020-08-25 20:31:21.360  INFO 4360 --- [restartedMain] o.s.b.w.embedded.tomcat.TomcatWebServer  : Tomcat started on port(s): 8080 (http) with context path ''
2020-08-25 20:31:21.362  INFO 4360 --- [restartedMain] d.s.w.p.DocumentationPluginsBootstrapper : Context refreshed
2020-08-25 20:31:21.414  INFO 4360 --- [restartedMain] d.s.w.p.DocumentationPluginsBootstrapper : Found 1 custom documentation plugin(s)
2020-08-25 20:31:21.441  INFO 4360 --- [restartedMain] s.d.s.w.s.ApiListingReferenceScanner     : Scanning for api listing references
2020-08-25 20:31:21.479  INFO 4360 --- [restartedMain] DeferredRepositoryInitializationListener : Triggering deferred initialization of Spring Data repositories…
2020-08-25 20:31:22.234  INFO 4360 --- [restartedMain] DeferredRepositoryInitializationListener : Spring Data repositories initialized!
2020-08-25 20:31:22.258  INFO 4360 --- [restartedMain] b.c.f.s.salesapi.SalesApiApplication     : Started SalesApiApplication in 11.767 seconds (JVM running for 13.001)
2020-08-25 20:31:24.554  WARN 4360 --- [registrationTask1] d.c.b.a.c.r.ApplicationRegistrator       : Failed to register application as Application(name=spring-boot-application, managementUrl=http://LAPTOP-DL9ICLI6:8080/actuator, healthUrl=http://LAPTOP-DL9ICLI6:8080/actuator/health, serviceUrl=http://LAPTOP-DL9ICLI6:8080/) at spring-boot-admin ([http://localhost:8081//instances]): I/O error on POST request for "http://localhost:8081/instances": Connection refused: connect; nested exception is java.net.ConnectException: Connection refused: connect. Further attempts are logged on DEBUG level
2020-08-25 20:31:29.452  INFO 4360 --- [http-nio-8080-exec-2] o.a.c.c.C.[Tomcat].[localhost].[/]       : Initializing Spring DispatcherServlet 'dispatcherServlet'
2020-08-25 20:31:29.452  INFO 4360 --- [http-nio-8080-exec-2] o.s.web.servlet.DispatcherServlet        : Initializing Servlet 'dispatcherServlet'
2020-08-25 20:31:29.467  INFO 4360 --- [http-nio-8080-exec-2] o.s.web.servlet.DispatcherServlet        : Completed initialization in 14 ms
2020-08-25 20:41:26.728  INFO 4924 --- [restartedMain] b.c.f.s.salesapi.SalesApiApplication     : Starting SalesApiApplication on LAPTOP-DL9ICLI6 with PID 4924 (C:\Users\felip\OneDrive\Área de Trabalho\sales-api\sales-api\sales-api\target\classes started by felip in C:\Users\felip\OneDrive\Área de Trabalho\sales-api\sales-api\sales-api)
2020-08-25 20:41:26.734  INFO 4924 --- [restartedMain] b.c.f.s.salesapi.SalesApiApplication     : No active profile set, falling back to default profiles: default
2020-08-25 20:41:26.878  INFO 4924 --- [restartedMain] .e.DevToolsPropertyDefaultsPostProcessor : Devtools property defaults active! Set 'spring.devtools.add-properties' to 'false' to disable
2020-08-25 20:41:26.878  INFO 4924 --- [restartedMain] .e.DevToolsPropertyDefaultsPostProcessor : For additional web related logging consider setting the 'logging.level.web' property to 'DEBUG'
2020-08-25 20:41:29.236  INFO 4924 --- [restartedMain] .s.d.r.c.RepositoryConfigurationDelegate : Bootstrapping Spring Data JPA repositories in DEFERRED mode.
2020-08-25 20:41:29.361  INFO 4924 --- [restartedMain] .s.d.r.c.RepositoryConfigurationDelegate : Finished Spring Data repository scanning in 105ms. Found 1 JPA repository interfaces.
2020-08-25 20:41:31.049  INFO 4924 --- [restartedMain] o.s.b.w.embedded.tomcat.TomcatWebServer  : Tomcat initialized with port(s): 8080 (http)
2020-08-25 20:41:31.136  INFO 4924 --- [restartedMain] o.apache.catalina.core.StandardService   : Starting service [Tomcat]
2020-08-25 20:41:31.136  INFO 4924 --- [restartedMain] org.apache.catalina.core.StandardEngine  : Starting Servlet engine: [Apache Tomcat/9.0.37]
2020-08-25 20:41:31.411  INFO 4924 --- [restartedMain] o.a.c.c.C.[Tomcat].[localhost].[/]       : Initializing Spring embedded WebApplicationContext
2020-08-25 20:41:31.413  INFO 4924 --- [restartedMain] w.s.c.ServletWebServerApplicationContext : Root WebApplicationContext: initialization completed in 4534 ms
2020-08-25 20:41:31.656  INFO 4924 --- [restartedMain] com.zaxxer.hikari.HikariDataSource       : HikariPool-1 - Starting...
2020-08-25 20:41:32.095  INFO 4924 --- [restartedMain] com.zaxxer.hikari.HikariDataSource       : HikariPool-1 - Start completed.
2020-08-25 20:41:32.107  INFO 4924 --- [restartedMain] o.s.b.a.h2.H2ConsoleAutoConfiguration    : H2 console available at '/h2-console'. Database available at 'jdbc:h2:mem:783ed6e1-23df-4e53-ace1-55336d96c51b'
2020-08-25 20:41:32.258  INFO 4924 --- [restartedMain] o.s.b.a.e.web.ServletEndpointRegistrar   : Registered '/actuator/jolokia' to jolokia-actuator-endpoint
2020-08-25 20:41:32.447  INFO 4924 --- [restartedMain] o.s.s.concurrent.ThreadPoolTaskExecutor  : Initializing ExecutorService 'applicationTaskExecutor'
2020-08-25 20:41:32.574  INFO 4924 --- [task-1] o.hibernate.jpa.internal.util.LogHelper  : HHH000204: Processing PersistenceUnitInfo [name: default]
2020-08-25 20:41:32.720  INFO 4924 --- [task-1] org.hibernate.Version                    : HHH000412: Hibernate ORM core version 5.4.20.Final
2020-08-25 20:41:33.120  INFO 4924 --- [task-1] o.hibernate.annotations.common.Version   : HCANN000001: Hibernate Commons Annotations {5.1.0.Final}
2020-08-25 20:41:33.151  WARN 4924 --- [restartedMain] JpaBaseConfiguration$JpaWebConfiguration : spring.jpa.open-in-view is enabled by default. Therefore, database queries may be performed during view rendering. Explicitly configure spring.jpa.open-in-view to disable this warning
2020-08-25 20:41:33.531  INFO 4924 --- [task-1] org.hibernate.dialect.Dialect            : HHH000400: Using dialect: org.hibernate.dialect.H2Dialect
2020-08-25 20:41:33.687  INFO 4924 --- [restartedMain] o.s.b.a.e.web.EndpointLinksResolver      : Exposing 15 endpoint(s) beneath base path '/actuator'
2020-08-25 20:41:34.137  INFO 4924 --- [restartedMain] o.s.b.d.a.OptionalLiveReloadServer       : LiveReload server is running on port 35729
2020-08-25 20:41:34.432  INFO 4924 --- [restartedMain] o.s.s.c.ThreadPoolTaskScheduler          : Initializing ExecutorService
2020-08-25 20:41:35.501  INFO 4924 --- [task-1] o.h.e.t.j.p.i.JtaPlatformInitiator       : HHH000490: Using JtaPlatform implementation: [org.hibernate.engine.transaction.jta.platform.internal.NoJtaPlatform]
2020-08-25 20:41:35.517  INFO 4924 --- [task-1] j.LocalContainerEntityManagerFactoryBean : Initialized JPA EntityManagerFactory for persistence unit 'default'
2020-08-25 20:41:35.710  INFO 4924 --- [restartedMain] o.s.b.w.embedded.tomcat.TomcatWebServer  : Tomcat started on port(s): 8080 (http) with context path ''
2020-08-25 20:41:35.712  INFO 4924 --- [restartedMain] d.s.w.p.DocumentationPluginsBootstrapper : Context refreshed
2020-08-25 20:41:35.756  INFO 4924 --- [restartedMain] d.s.w.p.DocumentationPluginsBootstrapper : Found 1 custom documentation plugin(s)
2020-08-25 20:41:35.783  INFO 4924 --- [restartedMain] s.d.s.w.s.ApiListingReferenceScanner     : Scanning for api listing references
2020-08-25 20:41:35.818  INFO 4924 --- [restartedMain] DeferredRepositoryInitializationListener : Triggering deferred initialization of Spring Data repositories…
2020-08-25 20:41:36.456  INFO 4924 --- [restartedMain] DeferredRepositoryInitializationListener : Spring Data repositories initialized!
2020-08-25 20:41:36.484  INFO 4924 --- [restartedMain] b.c.f.s.salesapi.SalesApiApplication     : Started SalesApiApplication in 10.519 seconds (JVM running for 11.635)
2020-08-25 20:41:38.758  WARN 4924 --- [registrationTask1] d.c.b.a.c.r.ApplicationRegistrator       : Failed to register application as Application(name=spring-boot-application, managementUrl=http://LAPTOP-DL9ICLI6:8080/actuator, healthUrl=http://LAPTOP-DL9ICLI6:8080/actuator/health, serviceUrl=http://LAPTOP-DL9ICLI6:8080/) at spring-boot-admin ([http://localhost:8081//instances]): I/O error on POST request for "http://localhost:8081/instances": Connection refused: connect; nested exception is java.net.ConnectException: Connection refused: connect. Further attempts are logged on DEBUG level
2020-08-25 20:41:51.742  INFO 4924 --- [http-nio-8080-exec-1] o.a.c.c.C.[Tomcat].[localhost].[/]       : Initializing Spring DispatcherServlet 'dispatcherServlet'
2020-08-25 20:41:51.743  INFO 4924 --- [http-nio-8080-exec-1] o.s.web.servlet.DispatcherServlet        : Initializing Servlet 'dispatcherServlet'
2020-08-25 20:41:51.757  INFO 4924 --- [http-nio-8080-exec-1] o.s.web.servlet.DispatcherServlet        : Completed initialization in 14 ms
2020-08-25 20:43:06.329  INFO 13380 --- [restartedMain] b.c.f.s.salesapi.SalesApiApplication     : Starting SalesApiApplication on LAPTOP-DL9ICLI6 with PID 13380 (C:\Users\felip\OneDrive\Área de Trabalho\sales-api\sales-api\sales-api\target\classes started by felip in C:\Users\felip\OneDrive\Área de Trabalho\sales-api\sales-api\sales-api)
2020-08-25 20:43:06.336  INFO 13380 --- [restartedMain] b.c.f.s.salesapi.SalesApiApplication     : No active profile set, falling back to default profiles: default
2020-08-25 20:43:06.482  INFO 13380 --- [restartedMain] .e.DevToolsPropertyDefaultsPostProcessor : Devtools property defaults active! Set 'spring.devtools.add-properties' to 'false' to disable
2020-08-25 20:43:06.483  INFO 13380 --- [restartedMain] .e.DevToolsPropertyDefaultsPostProcessor : For additional web related logging consider setting the 'logging.level.web' property to 'DEBUG'
2020-08-25 20:43:08.709  INFO 13380 --- [restartedMain] .s.d.r.c.RepositoryConfigurationDelegate : Bootstrapping Spring Data JPA repositories in DEFERRED mode.
2020-08-25 20:43:08.833  INFO 13380 --- [restartedMain] .s.d.r.c.RepositoryConfigurationDelegate : Finished Spring Data repository scanning in 105ms. Found 1 JPA repository interfaces.
2020-08-25 20:43:10.310  INFO 13380 --- [restartedMain] o.s.b.w.embedded.tomcat.TomcatWebServer  : Tomcat initialized with port(s): 8080 (http)
2020-08-25 20:43:10.392  INFO 13380 --- [restartedMain] o.apache.catalina.core.StandardService   : Starting service [Tomcat]
2020-08-25 20:43:10.393  INFO 13380 --- [restartedMain] org.apache.catalina.core.StandardEngine  : Starting Servlet engine: [Apache Tomcat/9.0.37]
2020-08-25 20:43:10.630  INFO 13380 --- [restartedMain] o.a.c.c.C.[Tomcat].[localhost].[/]       : Initializing Spring embedded WebApplicationContext
2020-08-25 20:43:10.631  INFO 13380 --- [restartedMain] w.s.c.ServletWebServerApplicationContext : Root WebApplicationContext: initialization completed in 4148 ms
2020-08-25 20:43:10.865  INFO 13380 --- [restartedMain] com.zaxxer.hikari.HikariDataSource       : HikariPool-1 - Starting...
2020-08-25 20:43:11.235  INFO 13380 --- [restartedMain] com.zaxxer.hikari.HikariDataSource       : HikariPool-1 - Start completed.
2020-08-25 20:43:11.246  INFO 13380 --- [restartedMain] o.s.b.a.h2.H2ConsoleAutoConfiguration    : H2 console available at '/h2-console'. Database available at 'jdbc:h2:mem:fe352801-6e4f-447e-9e8f-f3dd60908b04'
2020-08-25 20:43:11.394  INFO 13380 --- [restartedMain] o.s.b.a.e.web.ServletEndpointRegistrar   : Registered '/actuator/jolokia' to jolokia-actuator-endpoint
2020-08-25 20:43:11.572  INFO 13380 --- [restartedMain] o.s.s.concurrent.ThreadPoolTaskExecutor  : Initializing ExecutorService 'applicationTaskExecutor'
2020-08-25 20:43:11.685  INFO 13380 --- [task-1] o.hibernate.jpa.internal.util.LogHelper  : HHH000204: Processing PersistenceUnitInfo [name: default]
2020-08-25 20:43:11.827  INFO 13380 --- [task-1] org.hibernate.Version                    : HHH000412: Hibernate ORM core version 5.4.20.Final
2020-08-25 20:43:12.206  INFO 13380 --- [task-1] o.hibernate.annotations.common.Version   : HCANN000001: Hibernate Commons Annotations {5.1.0.Final}
2020-08-25 20:43:12.239  WARN 13380 --- [restartedMain] JpaBaseConfiguration$JpaWebConfiguration : spring.jpa.open-in-view is enabled by default. Therefore, database queries may be performed during view rendering. Explicitly configure spring.jpa.open-in-view to disable this warning
2020-08-25 20:43:12.553  INFO 13380 --- [task-1] org.hibernate.dialect.Dialect            : HHH000400: Using dialect: org.hibernate.dialect.H2Dialect
2020-08-25 20:43:12.709  INFO 13380 --- [restartedMain] o.s.b.a.e.web.EndpointLinksResolver      : Exposing 15 endpoint(s) beneath base path '/actuator'
2020-08-25 20:43:13.095  INFO 13380 --- [restartedMain] o.s.b.d.a.OptionalLiveReloadServer       : LiveReload server is running on port 35729
2020-08-25 20:43:13.363  INFO 13380 --- [restartedMain] o.s.s.c.ThreadPoolTaskScheduler          : Initializing ExecutorService
2020-08-25 20:43:14.385  INFO 13380 --- [task-1] o.h.e.t.j.p.i.JtaPlatformInitiator       : HHH000490: Using JtaPlatform implementation: [org.hibernate.engine.transaction.jta.platform.internal.NoJtaPlatform]
2020-08-25 20:43:14.403  INFO 13380 --- [task-1] j.LocalContainerEntityManagerFactoryBean : Initialized JPA EntityManagerFactory for persistence unit 'default'
2020-08-25 20:43:14.597  INFO 13380 --- [restartedMain] o.s.b.w.embedded.tomcat.TomcatWebServer  : Tomcat started on port(s): 8080 (http) with context path ''
2020-08-25 20:43:14.599  INFO 13380 --- [restartedMain] d.s.w.p.DocumentationPluginsBootstrapper : Context refreshed
2020-08-25 20:43:14.647  INFO 13380 --- [restartedMain] d.s.w.p.DocumentationPluginsBootstrapper : Found 1 custom documentation plugin(s)
2020-08-25 20:43:14.672  INFO 13380 --- [restartedMain] s.d.s.w.s.ApiListingReferenceScanner     : Scanning for api listing references
2020-08-25 20:43:14.999  INFO 13380 --- [restartedMain] DeferredRepositoryInitializationListener : Triggering deferred initialization of Spring Data repositories…
2020-08-25 20:43:15.668  INFO 13380 --- [restartedMain] DeferredRepositoryInitializationListener : Spring Data repositories initialized!
2020-08-25 20:43:15.692  INFO 13380 --- [restartedMain] b.c.f.s.salesapi.SalesApiApplication     : Started SalesApiApplication in 10.09 seconds (JVM running for 11.126)
2020-08-25 20:43:17.905  WARN 13380 --- [registrationTask1] d.c.b.a.c.r.ApplicationRegistrator       : Failed to register application as Application(name=spring-boot-application, managementUrl=http://LAPTOP-DL9ICLI6:8080/actuator, healthUrl=http://LAPTOP-DL9ICLI6:8080/actuator/health, serviceUrl=http://LAPTOP-DL9ICLI6:8080/) at spring-boot-admin ([http://localhost:8081//instances]): I/O error on POST request for "http://localhost:8081/instances": Connection refused: connect; nested exception is java.net.ConnectException: Connection refused: connect. Further attempts are logged on DEBUG level
2020-08-25 20:43:23.934  INFO 13380 --- [http-nio-8080-exec-1] o.a.c.c.C.[Tomcat].[localhost].[/]       : Initializing Spring DispatcherServlet 'dispatcherServlet'
2020-08-25 20:43:23.935  INFO 13380 --- [http-nio-8080-exec-1] o.s.web.servlet.DispatcherServlet        : Initializing Servlet 'dispatcherServlet'
2020-08-25 20:43:23.950  INFO 13380 --- [http-nio-8080-exec-1] o.s.web.servlet.DispatcherServlet        : Completed initialization in 14 ms
